# JRE version: OpenJDK Runtime Environment Corretto-11.0.17.8.1 (11.0.17+8) (build 11.0.17+8-LTS)
# Java VM: OpenJDK 64-Bit Server VM Corretto-11.0.17.8.1 (11.0.17+8-LTS, mixed mode, tiered, compressed oops, g1 gc, windows-amd64)
Heap:
 garbage-first heap   total 391168K, used 18577K [0x00000006c3200000, 0x0000000800000000)
  region size 1024K, 11 young (11264K), 11 survivors (11264K)
 Metaspace       used 34771K, capacity 35766K, committed 35840K, reserved 1081344K
  class space    used 4106K, capacity 4547K, committed 4608K, reserved 1048576K
GC Heap History (11 events):
Event: 0.783 GC heap before
{Heap before GC invocations=0 (full 0):
 garbage-first heap   total 325632K, used 24576K [0x00000006c3200000, 0x0000000800000000)
  region size 1024K, 24 young (24576K), 0 survivors (0K)
 Metaspace       used 12719K, capacity 13096K, committed 13312K, reserved 1060864K
  class space    used 1266K, capacity 1444K, committed 1536K, reserved 1048576K
}
Event: 0.787 GC heap after
{Heap after GC invocations=1 (full 0):
 garbage-first heap   total 325632K, used 7570K [0x00000006c3200000, 0x0000000800000000)
  region size 1024K, 3 young (3072K), 3 survivors (3072K)
 Metaspace       used 12719K, capacity 13096K, committed 13312K, reserved 1060864K
  class space    used 1266K, capacity 1444K, committed 1536K, reserved 1048576K
}
Event: 1.542 GC heap before
{Heap before GC invocations=1 (full 0):
 garbage-first heap   total 325632K, used 48530K [0x00000006c3200000, 0x0000000800000000)
  region size 1024K, 44 young (45056K), 3 survivors (3072K)
 Metaspace       used 20624K, capacity 21195K, committed 21504K, reserved 1069056K
  class space    used 2246K, capacity 2492K, committed 2560K, reserved 1048576K
}
Event: 1.549 GC heap after
{Heap after GC invocations=2 (full 0):
 garbage-first heap   total 325632K, used 9817K [0x00000006c3200000, 0x0000000800000000)
  region size 1024K, 6 young (6144K), 6 survivors (6144K)
 Metaspace       used 20624K, capacity 21195K, committed 21504K, reserved 1069056K
  class space    used 2246K, capacity 2492K, committed 2560K, reserved 1048576K
}
Event: 1.945 GC heap before
{Heap before GC invocations=3 (full 0):
 garbage-first heap   total 325632K, used 44633K [0x00000006c3200000, 0x0000000800000000)
  region size 1024K, 40 young (40960K), 6 survivors (6144K)
 Metaspace       used 25322K, capacity 26024K, committed 26112K, reserved 1073152K
  class space    used 2999K, capacity 3290K, committed 3328K, reserved 1048576K
}
Event: 1.951 GC heap after
{Heap after GC invocations=4 (full 0):
 garbage-first heap   total 325632K, used 10771K [0x00000006c3200000, 0x0000000800000000)
  region size 1024K, 4 young (4096K), 4 survivors (4096K)
 Metaspace       used 25322K, capacity 26024K, committed 26112K, reserved 1073152K
  class space    used 2999K, capacity 3290K, committed 3328K, reserved 1048576K
}
Event: 2.450 GC heap before
{Heap before GC invocations=4 (full 0):
 garbage-first heap   total 325632K, used 75283K [0x00000006c3200000, 0x0000000800000000)
  region size 1024K, 68 young (69632K), 4 survivors (4096K)
 Metaspace       used 29878K, capacity 30741K, committed 30976K, reserved 1077248K
  class space    used 3502K, capacity 3827K, committed 3840K, reserved 1048576K
}
Event: 2.455 GC heap after
{Heap after GC invocations=5 (full 0):
 garbage-first heap   total 325632K, used 12665K [0x00000006c3200000, 0x0000000800000000)
  region size 1024K, 5 young (5120K), 5 survivors (5120K)
 Metaspace       used 29878K, capacity 30741K, committed 30976K, reserved 1077248K
  class space    used 3502K, capacity 3827K, committed 3840K, reserved 1048576K
}
Event: 3.624 GC heap before
{Heap before GC invocations=5 (full 0):
 garbage-first heap   total 325632K, used 202105K [0x00000006c3200000, 0x0000000800000000)
  region size 1024K, 190 young (194560K), 5 survivors (5120K)
 Metaspace       used 31368K, capacity 32279K, committed 32512K, reserved 1077248K
  class space    used 3656K, capacity 3994K, committed 4096K, reserved 1048576K
}
Event: 3.632 GC heap after
{Heap after GC invocations=6 (full 0):
 garbage-first heap   total 325632K, used 17975K [0x00000006c3200000, 0x0000000800000000)
  region size 1024K, 11 young (11264K), 11 survivors (11264K)
 Metaspace       used 31368K, capacity 32279K, committed 32512K, reserved 1077248K
  class space    used 3656K, capacity 3994K, committed 4096K, reserved 1048576K
}
Event: 4.914 GC heap before
{Heap before GC invocations=6 (full 0):
 garbage-first heap   total 325632K, used 177719K [0x00000006c3200000, 0x0000000800000000)
  region size 1024K, 169 young (173056K), 11 survivors (11264K)
 Metaspace       used 34771K, capacity 35766K, committed 35840K, reserved 1081344K
  class space    used 4106K, capacity 4547K, committed 4608K, reserved 1048576K
}

